Build started 7/12/2013 5:14:38 PM.
     1>Project "K:\July12\July12\July12.vcxproj" on node 2 (build target(s)).
     1>InitializeBuildStatus:
         Touching "Debug\July12.unsuccessfulbuild".
       ClCompile:
         C:\Program Files (x86)\Microsoft Visual Studio 10.0\VC\bin\CL.exe /c /ZI /nologo /W3 /WX- /Od /Oy- /D _MBCS /Gm /EHsc /RTC1 /MDd /GS /fp:precise /Zc:wchar_t /Zc:forScope /Fo"Debug\\" /Fd"Debug\vc100.pdb" /Gd /TC /analyze- /errorReport:prompt paraKeys.c
         paraKeys.c
     1>k:\july12\july12\parakeys.c(16): warning C4305: '=' : truncation from 'double' to 'float'
     1>k:\july12\july12\parakeys.c(25): warning C4305: '=' : truncation from 'double' to 'float'
       Link:
         C:\Program Files (x86)\Microsoft Visual Studio 10.0\VC\bin\link.exe /ERRORREPORT:PROMPT /OUT:"K:\July12\Debug\July12.exe" /NOLOGO kernel32.lib user32.lib gdi32.lib winspool.lib comdlg32.lib advapi32.lib shell32.lib ole32.lib oleaut32.lib uuid.lib odbc32.lib odbccp32.lib /MANIFEST /ManifestFile:"Debug\July12.exe.intermediate.manifest" /MANIFESTUAC:"level='asInvoker' uiAccess='false'" /DEBUG /PDB:"K:\July12\Debug\July12.pdb" /TLBID:1 /DYNAMICBASE /NXCOMPAT /IMPLIB:"K:\July12\Debug\July12.lib" /MACHINE:X86 Debug\paraKeys.obj
         July12.vcxproj -> K:\July12\Debug\July12.exe
       Manifest:
         C:\Program Files (x86)\Microsoft SDKs\Windows\v7.0A\bin\mt.exe /nologo /verbose /outputresource:"K:\July12\Debug\July12.exe;#1" /manifest Debug\July12.exe.intermediate.manifest
       FinalizeBuildStatus:
         Deleting file "Debug\July12.unsuccessfulbuild".
         Touching "Debug\July12.lastbuildstate".
     1>Done Building Project "K:\July12\July12\July12.vcxproj" (build target(s)).

Build succeeded.

Time Elapsed 00:00:07.68
